####################################################################################################
Interval
####################################################################################################
Cumulative:         Cycles:                  20000     Instructions:                  1200
DRAM_PRECHARGE                                                  1                             1

DRAM_ACTIVATE                                                   3                             3

DRAM_COLUMN                                                    10                            10

DRAM_AVG_LATENCY_BASE                                          10                            10

DRAM_AVG_LATENCY                                              652                          65.2

BANDWIDTH_TOT                                                 640                           640

DRAM_CHANNEL0_BANDWIDTH_SATURATED                               0                             0

DRAM_CHANNEL1_BANDWIDTH_SATURATED                               0                             0

DRAM_CHANNEL2_BANDWIDTH_SATURATED                               0                             0

DRAM_CHANNEL3_BANDWIDTH_SATURATED                               0                             0

DRAM_CHANNEL4_BANDWIDTH_SATURATED                               0                             0

DRAM_CHANNEL5_BANDWIDTH_SATURATED                               0                             0

DRAM_CHANNEL6_BANDWIDTH_SATURATED                               0                             0

DRAM_CHANNEL7_BANDWIDTH_SATURATED                               0                             0

DRAM_CHANNEL0_DBUS_IDLE                                      1208                          1208

DRAM_CHANNEL1_DBUS_IDLE                                      1096                          1096

DRAM_CHANNEL2_DBUS_IDLE                                      1160                          1160

DRAM_CHANNEL3_DBUS_IDLE                                      1208                          1208

DRAM_CHANNEL4_DBUS_IDLE                                      1208                          1208

DRAM_CHANNEL5_DBUS_IDLE                                      1208                          1208

DRAM_CHANNEL6_DBUS_IDLE                                      1208                          1208

DRAM_CHANNEL7_DBUS_IDLE                                      1208                          1208

