####################################################################################################
Interval
####################################################################################################
Cumulative:         Cycles:                  20000     Instructions:                  1200
TOTAL_PACKET_CPU                                                0                             0

TOTAL_PACKET_GPU                                             3468                          3468

NOC_AVG_LATENCY_BASE                                         3468                          3468

NOC_AVG_LATENCY_BASE_CPU                                        0                             0

NOC_AVG_LATENCY_BASE_GPU                                     3468                          3468

NOC_AVG_LATENCY                                             50037                       14.4282

NOC_AVG_LATENCY_CPU                                             0                           NaN

NOC_AVG_LATENCY_GPU                                         50037                       14.4282

NOC_AVG_ACTIVE_PACKET_BASE                                   3468                          3468

NOC_AVG_ACTIVE_PACKET_BASE_CPU                                  0                             0

NOC_AVG_ACTIVE_PACKET_BASE_GPU                               3468                          3468

NOC_AVG_ACTIVE_PACKET                                       14396                        4.1511

NOC_AVG_ACTIVE_PACKET_CPU                                       0                           NaN

NOC_AVG_ACTIVE_PACKET_GPU                                   14396                        4.1511

NOC_IDLE_CHANNEL                                                0                             0

NOC_IDLE_CHANNEL_CPU                                            0                             0

NOC_IDLE_CHANNEL_GPU                                            0                             0

NOC_IDLE_CHANNEL_L3                                             0                             0

NOC_IDLE_CHANNEL_MC                                             0                             0

NOC_AVG_WAIT_IN_ROUTER_BASE                                 10562                         10562

NOC_AVG_WAIT_IN_ROUTER_BASE_CPU                                 0                             0

NOC_AVG_WAIT_IN_ROUTER_BASE_GPU                              2150                          2150

NOC_AVG_WAIT_IN_ROUTER_BASE_L3                               5833                          5833

NOC_AVG_WAIT_IN_ROUTER_BASE_MC                               2579                          2579

NOC_AVG_WAIT_IN_ROUTER                                     107666                       10.1937

NOC_AVG_WAIT_IN_ROUTER_CPU                                      0                           NaN

NOC_AVG_WAIT_IN_ROUTER_GPU                                  21272                       9.89395

NOC_AVG_WAIT_IN_ROUTER_L3                                   60221                       10.3242

NOC_AVG_WAIT_IN_ROUTER_MC                                   26173                       10.1485

NOC_LINK_ACTIVE                                             21282                         21282

