####################################################################################################
Interval
####################################################################################################
Cumulative:         Cycles:                  20000     Instructions:                  1200
DISPATCHED_INST                                              1227                          1227

DISPATCH_WAIT                                              177887                       144.977

NUM_NO_FETCH_CYCLES                                             0                             0

AVG_CORE_IDLE_CYCLE                                          2852                          2852

NUM_SAMPLES_CORE_0                                           4079                          4079

NUM_ACTIVE_BLOCKS_CORE_0                                     4078                      0.999755

NUM_ACTIVE_THREADS_CORE_0                                   15712                       3.85192

NUM_SCHED_IDLE_CYCLE_CORE_0                                     0                             0

NUM_NO_SCHED_CYCLE_CORE_0                                    2852                          2852

CORE_DISPATCHED_INST_CORE_0                                  1227                          1227

CORE_DISPATCH_WAIT_CORE_0                                  177887                       144.977

CORE_CYCLES_CORE_0                                              0                             0

CORE_SCHED_THREADS_CORE_0                                       0                           NaN

CORE_NUM_NO_FETCH_CYCLES_CORE_0                                 0                             0

CORE_NUM_NO_FETCH_CYCLES_WITH_READY_THREADS_CORE_0                   0                             0

CORE_NUM_FETCH_CYCLES_CORE_0                                    0                             0

CORE_FETCH_DELTA_CORE_0                                         0                           NaN

CORE_NUM_RETIRE_CYCLES_CORE_0                                   0                             0

CORE_RETIRE_DELTA_CORE_0                                        0                           NaN

FENCE_PREF_REQ_CORE_0                                           0                             0

FENCE_WAITING_CORE_0                                            0                             0

DYN_FENCE_NUM_CORE_0                                            0                             0

WB_ORDERING_STALL_CORE_0                                        0                             0

WB_FULL_CORE_0                                                  0                             0

SCHED_FAILED_REASON_SUCCESS_CORE_0                           1227                       38.2243%
SCHED_FAILED_OPERANDS_NOT_READY_CORE_0                       1983                       61.7757%
SCHED_FAILED_NO_PORTS_CORE_0                                    0                             0%
SCHED_FAILED_FENCE_ACTIVE_CORE_0                                0                             0%
                                                             3210                           100%

