####################################################################################################
Interval
####################################################################################################
Cumulative:         Cycles:                  20000     Instructions:                  1200
TOTAL_PACKET_CPU                                                0                             0

TOTAL_PACKET_GPU                                             3468                          3468

NOC_AVG_LATENCY_BASE                                         3468                          3468

NOC_AVG_LATENCY_BASE_CPU                                        0                             0

NOC_AVG_LATENCY_BASE_GPU                                     3468                          3468

NOC_AVG_LATENCY                                             50957                       14.6935

NOC_AVG_LATENCY_CPU                                             0                           NaN

NOC_AVG_LATENCY_GPU                                         50957                       14.6935

NOC_AVG_ACTIVE_PACKET_BASE                                   3468                          3468

NOC_AVG_ACTIVE_PACKET_BASE_CPU                                  0                             0

NOC_AVG_ACTIVE_PACKET_BASE_GPU                               3468                          3468

NOC_AVG_ACTIVE_PACKET                                       25575                       7.37457

NOC_AVG_ACTIVE_PACKET_CPU                                       0                           NaN

NOC_AVG_ACTIVE_PACKET_GPU                                   25575                       7.37457

NOC_IDLE_CHANNEL                                                0                             0

NOC_IDLE_CHANNEL_CPU                                            0                             0

NOC_IDLE_CHANNEL_GPU                                            0                             0

NOC_IDLE_CHANNEL_L3                                             0                             0

NOC_IDLE_CHANNEL_MC                                             0                             0

NOC_AVG_WAIT_IN_ROUTER_BASE                                  9966                          9966

NOC_AVG_WAIT_IN_ROUTER_BASE_CPU                                 0                             0

NOC_AVG_WAIT_IN_ROUTER_BASE_GPU                              2282                          2282

NOC_AVG_WAIT_IN_ROUTER_BASE_L3                               5088                          5088

NOC_AVG_WAIT_IN_ROUTER_BASE_MC                               2596                          2596

NOC_AVG_WAIT_IN_ROUTER                                     109761                       11.0135

NOC_AVG_WAIT_IN_ROUTER_CPU                                      0                           NaN

NOC_AVG_WAIT_IN_ROUTER_GPU                                  24756                       10.8484

NOC_AVG_WAIT_IN_ROUTER_L3                                   54484                       10.7083

NOC_AVG_WAIT_IN_ROUTER_MC                                   30521                       11.7569

NOC_LINK_ACTIVE                                             19494                         19494

