####################################################################################################
Interval
####################################################################################################
Cumulative:         Cycles:                  20000     Instructions:                  1200
DISPATCHED_INST                                                46                            46

DISPATCH_WAIT                                                3555                       77.2826

NUM_NO_FETCH_CYCLES                                             0                             0

AVG_CORE_IDLE_CYCLE                                           793                           793

NUM_SAMPLES_CORE_0                                            839                           839

NUM_ACTIVE_BLOCKS_CORE_0                                      838                      0.998808

NUM_ACTIVE_THREADS_CORE_0                                    1564                       1.86412

NUM_SCHED_IDLE_CYCLE_CORE_0                                     0                             0

NUM_NO_SCHED_CYCLE_CORE_0                                     793                           793

CORE_DISPATCHED_INST_CORE_0                                    46                            46

CORE_DISPATCH_WAIT_CORE_0                                    3555                       77.2826

CORE_CYCLES_CORE_0                                              0                             0

CORE_SCHED_THREADS_CORE_0                                       0                           NaN

CORE_NUM_NO_FETCH_CYCLES_CORE_0                                 0                             0

CORE_NUM_NO_FETCH_CYCLES_WITH_READY_THREADS_CORE_0                   0                             0

CORE_NUM_FETCH_CYCLES_CORE_0                                    0                             0

CORE_FETCH_DELTA_CORE_0                                         0                           NaN

CORE_NUM_RETIRE_CYCLES_CORE_0                                   0                             0

CORE_RETIRE_DELTA_CORE_0                                        0                           NaN

FENCE_PREF_REQ_CORE_0                                           0                             0

FENCE_WAITING_CORE_0                                            0                             0

DYN_FENCE_NUM_CORE_0                                            0                             0

WB_ORDERING_STALL_CORE_0                                        0                             0

WB_FULL_CORE_0                                                  0                             0

SCHED_FAILED_REASON_SUCCESS_CORE_0                             46                       7.46753%
SCHED_FAILED_OPERANDS_NOT_READY_CORE_0                        570                       92.5325%
SCHED_FAILED_NO_PORTS_CORE_0                                    0                             0%
SCHED_FAILED_FENCE_ACTIVE_CORE_0                                0                             0%
                                                              616                           100%

