####################################################################################################
Interval
####################################################################################################
Cumulative:         Cycles:                  20000     Instructions:                  1200
DRAM_PRECHARGE                                                  2                             2

DRAM_ACTIVATE                                                  10                            10

DRAM_COLUMN                                                   225                           225

DRAM_AVG_LATENCY_BASE                                         225                           225

DRAM_AVG_LATENCY                                            68245                       303.311

BANDWIDTH_TOT                                               14400                         14400

DRAM_CHANNEL0_BANDWIDTH_SATURATED                               0                             0

DRAM_CHANNEL1_BANDWIDTH_SATURATED                             101                           101

DRAM_CHANNEL2_BANDWIDTH_SATURATED                              72                            72

DRAM_CHANNEL3_BANDWIDTH_SATURATED                             131                           131

DRAM_CHANNEL4_BANDWIDTH_SATURATED                              73                            73

DRAM_CHANNEL5_BANDWIDTH_SATURATED                               0                             0

DRAM_CHANNEL6_BANDWIDTH_SATURATED                               0                             0

DRAM_CHANNEL7_BANDWIDTH_SATURATED                               0                             0

DRAM_CHANNEL0_DBUS_IDLE                                      4519                          4519

DRAM_CHANNEL1_DBUS_IDLE                                      3863                          3863

DRAM_CHANNEL2_DBUS_IDLE                                      3495                          3495

DRAM_CHANNEL3_DBUS_IDLE                                      3495                          3495

DRAM_CHANNEL4_DBUS_IDLE                                      3623                          3623

DRAM_CHANNEL5_DBUS_IDLE                                      4519                          4519

DRAM_CHANNEL6_DBUS_IDLE                                      4519                          4519

DRAM_CHANNEL7_DBUS_IDLE                                      4519                          4519

