####################################################################################################
Interval
####################################################################################################
Cumulative:         Cycles:                  20000     Instructions:                  1200
TOTAL_PACKET_CPU                                                0                             0

TOTAL_PACKET_GPU                                              900                           900

NOC_AVG_LATENCY_BASE                                          900                           900

NOC_AVG_LATENCY_BASE_CPU                                        0                             0

NOC_AVG_LATENCY_BASE_GPU                                      900                           900

NOC_AVG_LATENCY                                             12424                       13.8044

NOC_AVG_LATENCY_CPU                                             0                           NaN

NOC_AVG_LATENCY_GPU                                         12424                       13.8044

NOC_AVG_ACTIVE_PACKET_BASE                                    900                           900

NOC_AVG_ACTIVE_PACKET_BASE_CPU                                  0                             0

NOC_AVG_ACTIVE_PACKET_BASE_GPU                                900                           900

NOC_AVG_ACTIVE_PACKET                                        7175                       7.97222

NOC_AVG_ACTIVE_PACKET_CPU                                       0                           NaN

NOC_AVG_ACTIVE_PACKET_GPU                                    7175                       7.97222

NOC_IDLE_CHANNEL                                                0                             0

NOC_IDLE_CHANNEL_CPU                                            0                             0

NOC_IDLE_CHANNEL_GPU                                            0                             0

NOC_IDLE_CHANNEL_L3                                             0                             0

NOC_IDLE_CHANNEL_MC                                             0                             0

NOC_AVG_WAIT_IN_ROUTER_BASE                                  2666                          2666

NOC_AVG_WAIT_IN_ROUTER_BASE_CPU                                 0                             0

NOC_AVG_WAIT_IN_ROUTER_BASE_GPU                               452                           452

NOC_AVG_WAIT_IN_ROUTER_BASE_L3                               1420                          1420

NOC_AVG_WAIT_IN_ROUTER_BASE_MC                                794                           794

NOC_AVG_WAIT_IN_ROUTER                                      26824                       10.0615

NOC_AVG_WAIT_IN_ROUTER_CPU                                      0                           NaN

NOC_AVG_WAIT_IN_ROUTER_GPU                                   4640                       10.2655

NOC_AVG_WAIT_IN_ROUTER_L3                                   14116                       9.94085

NOC_AVG_WAIT_IN_ROUTER_MC                                    8068                       10.1612

NOC_LINK_ACTIVE                                              5298                          5298

