####################################################################################################
Interval
####################################################################################################
Cumulative:         Cycles:                  20000     Instructions:                  1200
DISPATCHED_INST                                              8717                          8717

DISPATCH_WAIT                                             1057533                       121.318

NUM_NO_FETCH_CYCLES                                            24                            24

AVG_CORE_IDLE_CYCLE                                         14040                         14040

NUM_SAMPLES_CORE_0                                          22757                         22757

NUM_ACTIVE_BLOCKS_CORE_0                                    22756                      0.999956

NUM_ACTIVE_THREADS_CORE_0                                  352525                       15.4908

NUM_SCHED_IDLE_CYCLE_CORE_0                                     0                             0

NUM_NO_SCHED_CYCLE_CORE_0                                   14040                         14040

CORE_DISPATCHED_INST_CORE_0                                  8717                          8717

CORE_DISPATCH_WAIT_CORE_0                                 1057533                       121.318

CORE_CYCLES_CORE_0                                              0                             0

CORE_SCHED_THREADS_CORE_0                                       0                           NaN

CORE_NUM_NO_FETCH_CYCLES_CORE_0                                24                            24

CORE_NUM_NO_FETCH_CYCLES_WITH_READY_THREADS_CORE_0                   0                             0

CORE_NUM_FETCH_CYCLES_CORE_0                                    0                             0

CORE_FETCH_DELTA_CORE_0                                         0                           NaN

CORE_NUM_RETIRE_CYCLES_CORE_0                                   0                             0

CORE_RETIRE_DELTA_CORE_0                                        0                           NaN

FENCE_PREF_REQ_CORE_0                                           0                             0

FENCE_WAITING_CORE_0                                            0                             0

DYN_FENCE_NUM_CORE_0                                            0                             0

WB_ORDERING_STALL_CORE_0                                        0                             0

WB_FULL_CORE_0                                                  0                             0

SCHED_FAILED_REASON_SUCCESS_CORE_0                           8800                       17.0075%
SCHED_FAILED_OPERANDS_NOT_READY_CORE_0                      42942                       82.9925%
SCHED_FAILED_NO_PORTS_CORE_0                                    0                             0%
SCHED_FAILED_FENCE_ACTIVE_CORE_0                                0                             0%
                                                            51742                           100%

