####################################################################################################
Interval
####################################################################################################
Cumulative:         Cycles:                  20000     Instructions:                  1200
DRAM_PRECHARGE                                                 20                            20

DRAM_ACTIVATE                                                  32                            32

DRAM_COLUMN                                                   446                           446

DRAM_AVG_LATENCY_BASE                                         446                           446

DRAM_AVG_LATENCY                                            88558                       198.561

BANDWIDTH_TOT                                               28544                         28544

DRAM_CHANNEL0_BANDWIDTH_SATURATED                               0                             0

DRAM_CHANNEL1_BANDWIDTH_SATURATED                              33                            33

DRAM_CHANNEL2_BANDWIDTH_SATURATED                              39                            39

DRAM_CHANNEL3_BANDWIDTH_SATURATED                               0                             0

DRAM_CHANNEL4_BANDWIDTH_SATURATED                              64                            64

DRAM_CHANNEL5_BANDWIDTH_SATURATED                              60                            60

DRAM_CHANNEL6_BANDWIDTH_SATURATED                               0                             0

DRAM_CHANNEL7_BANDWIDTH_SATURATED                              77                            77

DRAM_CHANNEL0_DBUS_IDLE                                     13647                         13647

DRAM_CHANNEL1_DBUS_IDLE                                     13055                         13055

DRAM_CHANNEL2_DBUS_IDLE                                     13103                         13103

DRAM_CHANNEL3_DBUS_IDLE                                     14671                         14671

DRAM_CHANNEL4_DBUS_IDLE                                     13679                         13679

DRAM_CHANNEL5_DBUS_IDLE                                     13711                         13711

DRAM_CHANNEL6_DBUS_IDLE                                     14671                         14671

DRAM_CHANNEL7_DBUS_IDLE                                     13695                         13695

