####################################################################################################
Interval
####################################################################################################
Cumulative:         Cycles:                  20000     Instructions:                  1200
POWER_L3CACHE_LINEFILL_BUF_R                                  454                           454

POWER_L3CACHE_LINEFILL_BUF_W                                  454                           454

POWER_L3CACHE_LINEFILL_BUF_R_TAG                              454                           454

POWER_L3CACHE_WB_BUF_R                                          0                             0

POWER_L3CACHE_WB_BUF_W                                          0                             0

POWER_L3CACHE_WB_BUF_R_TAG                                      0                             0

POWER_L3CACHE_R                                                 0                             0

POWER_L3CACHE_W                                               454                           454

POWER_L3CACHE_R_TAG                                           454                           454

POWER_MC_R                                                    987                           987

POWER_MC_W                                                    454                           454

POWER_BLOCK_STATES_R_CORE_0                                 27538                         27538

POWER_BLOCK_STATES_W_CORE_0                                 27538                         27538

POWER_FETCH_QUEUE_R_CORE_0                                   9795                          9795

POWER_FETCH_QUEUE_W_CORE_0                                   9795                          9795

POWER_INST_QUEUE_R_CORE_0                                   37739                         37739

POWER_INST_QUEUE_W_CORE_0                                    9795                          9795

POWER_BR_PRED_R_CORE_0                                        163                           163

POWER_BR_PRED_W_CORE_0                                        163                           163

POWER_RAS_R_CORE_0                                             32                            32

POWER_RAS_W_CORE_0                                              0                             0

POWER_ICACHE_R_CORE_0                                        9795                          9795

POWER_ICACHE_W_CORE_0                                           6                             6

POWER_ICACHE_R_TAG_CORE_0                                    9880                          9880

POWER_ICACHE_MISS_BUF_R_CORE_0                                 12                            12

POWER_ICACHE_MISS_BUF_W_CORE_0                                170                           170

POWER_ICACHE_MISS_BUF_R_TAG_CORE_0                             85                            85

POWER_ICACHE_MISS_BUF_W_TAG_CORE_0                              0                             0

POWER_ICACHE_TOT_ACC_CORE_0                                     0                             0

POWER_ICACHE_CONF_CORE_0                                        0                             0

POWER_INST_DECODER_R_CORE_0                                  9795                          9795

POWER_INST_DECODER_W_CORE_0                                     0                             0

POWER_MICRO_OP_SEQ_R_CORE_0                                     0                             0

POWER_MICRO_OP_SEQ_W_CORE_0                                     0                             0

POWER_OPERAND_DECODER_R_CORE_0                               9795                          9795

POWER_OPERAND_DECODER_W_CORE_0                                  0                             0

POWER_UOP_QUEUE_R_CORE_0                                    37739                         37739

POWER_UOP_QUEUE_W_CORE_0                                     9795                          9795

POWER_REG_RENAMING_TABLE_R_CORE_0                               0                             0

POWER_REG_RENAMING_TABLE_W_CORE_0                               0                             0

POWER_DEP_CHECK_LOGIC_R_CORE_0                               9795                          9795

POWER_FREELIST_R_CORE_0                                         0                             0

POWER_FREELIST_W_CORE_0                                         0                             0

POWER_RESERVATION_STATION_R_CORE_0                           9795                          9795

POWER_RESERVATION_STATION_W_CORE_0                           9795                          9795

POWER_RESERVATION_STATION_R_TAG_CORE_0                       9795                          9795

POWER_RESERVATION_STATION_W_TAG_CORE_0                          0                             0

POWER_INST_ISSUE_SEL_LOGIC_R_CORE_0                          9795                          9795

POWER_INST_ISSUE_SEL_LOGIC_W_CORE_0                          9795                          9795

POWER_PAYLOAD_RAM_R_CORE_0                                   9795                          9795

POWER_PAYLOAD_RAM_W_CORE_0                                   9795                          9795

POWER_EX_ALU_R_CORE_0                                        9347                          9347

POWER_EX_FPU_R_CORE_0                                           0                             0

POWER_EX_MUL_R_CORE_0                                           0                             0

POWER_EX_SFU_R_CORE_0                                           0                             0

POWER_REORDER_BUF_R_CORE_0                                      0                             0

POWER_REORDER_BUF_W_CORE_0                                      0                             0

POWER_INST_COMMIT_SEL_LOGIC_R_CORE_0                            0                             0

POWER_INST_COMMIT_SEL_LOGIC_W_CORE_0                         9795                          9795

POWER_FP_RENAME_R_CORE_0                                        0                             0

POWER_FP_RENAME_W_CORE_0                                        0                             0

POWER_LOAD_QUEUE_R_CORE_0                                       0                             0

POWER_LOAD_QUEUE_W_CORE_0                                       0                             0

POWER_LOAD_QUEUE_R_TAG_CORE_0                                   0                             0

POWER_LOAD_QUEUE_W_TAG_CORE_0                                   0                             0

POWER_STORE_QUEUE_R_CORE_0                                      0                             0

POWER_STORE_QUEUE_W_CORE_0                                      0                             0

POWER_STORE_QUEUE_R_TAG_CORE_0                                  0                             0

POWER_STORE_QUEUE_W_TAG_CORE_0                                  0                             0

POWER_DATA_TLB_R_CORE_0                                         0                             0

POWER_DATA_TLB_W_CORE_0                                         0                             0

POWER_DATA_TLB_R_TAG_CORE_0                                     0                             0

POWER_DATA_TLB_W_TAG_CORE_0                                     0                             0

POWER_INT_REGFILE_R_CORE_0                                  19142                         19142

POWER_INT_REGFILE_W_CORE_0                                   9795                          9795

POWER_FP_REGFILE_R_CORE_0                                       0                             0

POWER_FP_REGFILE_W_CORE_0                                       0                             0

POWER_GP_REGISTER_R_CORE_0                                  19142                         19142

POWER_GP_REGISTER_W_CORE_0                                   9795                          9795

POWER_FP_REGISTER_R_CORE_0                                      0                             0

POWER_FP_REGISTER_W_CORE_0                                      0                             0

POWER_SEGMENT_REGISTER_R_CORE_0                               448                           448

POWER_SEGMENT_REGISTER_W_CORE_0                               448                           448

POWER_CONTROL_REGISTER_R_CORE_0                                 0                             0

POWER_CONTROL_REGISTER_W_CORE_0                                 0                             0

POWER_FLAG_REGISTER_R_CORE_0                                    0                             0

POWER_FLAG_REGISTER_W_CORE_0                                    0                             0

POWER_EXEC_BYPASS_CORE_0                                     9795                          9795

POWER_LOAD_BYPASS_CORE_0                                      908                           908

POWER_PIPELINE_CORE_0                                        9795                          9795

POWER_DCACHE_MISS_BUF_R_CORE_0                                896                           896

POWER_DCACHE_MISS_BUF_R_TAG_CORE_0                            448                           448

POWER_DCACHE_MISS_BUF_W_CORE_0                                448                           448

POWER_DCACHE_MISS_BUF_W_TAG_CORE_0                              0                             0

POWER_DCACHE_LINEFILL_BUF_R_CORE_0                              0                             0

POWER_L2CACHE_LINEFILL_BUF_R_CORE_0                           454                           454

POWER_DCACHE_LINEFILL_BUF_W_CORE_0                              0                             0

POWER_L2CACHE_LINEFILL_BUF_W_CORE_0                           454                           454

POWER_DCACHE_LINEFILL_BUF_R_TAG_CORE_0                          0                             0

POWER_L2CACHE_LINEFILL_BUF_R_TAG_CORE_0                       454                           454

POWER_DCACHE_LINEFILL_BUF_W_TAG_CORE_0                          0                             0

POWER_DCACHE_WB_BUF_R_CORE_0                                    0                             0

POWER_L2CACHE_WB_BUF_R_CORE_0                                   0                             0

POWER_DCACHE_WB_BUF_W_CORE_0                                    0                             0

POWER_L2CACHE_WB_BUF_W_CORE_0                                   0                             0

POWER_DCACHE_WB_BUF_R_TAG_CORE_0                                0                             0

POWER_L2CACHE_WB_BUF_R_TAG_CORE_0                               0                             0

POWER_DCACHE_WB_BUF_W_TAG_CORE_0                                0                             0

POWER_DCACHE_R_CORE_0                                           0                             0

POWER_L2CACHE_R_CORE_0                                          0                             0

POWER_DCACHE_W_CORE_0                                         320                           320

POWER_L2CACHE_W_CORE_0                                          0                             0

POWER_DCACHE_R_TAG_CORE_0                                     448                           448

POWER_L2CACHE_R_TAG_CORE_0                                      0                             0

POWER_CONST_CACHE_R_CORE_0                                      0                             0

POWER_CONST_CACHE_W_CORE_0                                      0                             0

POWER_CONST_CACHE_R_TAG_CORE_0                                  0                             0

POWER_CONST_CACHE_W_TAG_CORE_0                                  0                             0

POWER_TEXTURE_CACHE_R_CORE_0                                    0                             0

POWER_TEXTURE_CACHE_W_CORE_0                                    0                             0

POWER_TEXTURE_CACHE_R_TAG_CORE_0                                0                             0

POWER_TEXTURE_CACHE_W_TAG_CORE_0                                0                             0

POWER_SHARED_MEM_R_CORE_0                                     224                           224

POWER_SHARED_MEM_W_CORE_0                                       0                             0

POWER_SHARED_MEM_R_TAG_CORE_0                                 224                           224

POWER_SHARED_MEM_W_TAG_CORE_0                                   0                             0

