####################################################################################################
Interval
####################################################################################################
Cumulative:         Cycles:                  20000     Instructions:                  1200
DISPATCHED_INST                                              5292                          5292

DISPATCH_WAIT                                              576380                       108.915

NUM_NO_FETCH_CYCLES                                          4061                          4061

AVG_CORE_IDLE_CYCLE                                          8046                          8046

NUM_SAMPLES_CORE_0                                          13338                         13338

NUM_ACTIVE_BLOCKS_CORE_0                                    13337                      0.999925

NUM_ACTIVE_THREADS_CORE_0                                  421049                       31.5676

NUM_SCHED_IDLE_CYCLE_CORE_0                                     0                             0

NUM_NO_SCHED_CYCLE_CORE_0                                    8046                          8046

CORE_DISPATCHED_INST_CORE_0                                  5292                          5292

CORE_DISPATCH_WAIT_CORE_0                                  576380                       108.915

CORE_CYCLES_CORE_0                                              0                             0

CORE_SCHED_THREADS_CORE_0                                       0                           NaN

CORE_NUM_NO_FETCH_CYCLES_CORE_0                              4061                          4061

CORE_NUM_NO_FETCH_CYCLES_WITH_READY_THREADS_CORE_0                   0                             0

CORE_NUM_FETCH_CYCLES_CORE_0                                    0                             0

CORE_FETCH_DELTA_CORE_0                                         0                           NaN

CORE_NUM_RETIRE_CYCLES_CORE_0                                   0                             0

CORE_RETIRE_DELTA_CORE_0                                        0                           NaN

FENCE_PREF_REQ_CORE_0                                           0                             0

FENCE_WAITING_CORE_0                                            0                             0

DYN_FENCE_NUM_CORE_0                                            0                             0

WB_ORDERING_STALL_CORE_0                                        0                             0

WB_FULL_CORE_0                                                  0                             0

SCHED_FAILED_REASON_SUCCESS_CORE_0                           5292                       31.0272%
SCHED_FAILED_OPERANDS_NOT_READY_CORE_0                      11764                       68.9728%
SCHED_FAILED_NO_PORTS_CORE_0                                    0                             0%
SCHED_FAILED_FENCE_ACTIVE_CORE_0                                0                             0%
                                                            17056                           100%

