####################################################################################################
Interval
####################################################################################################
Cumulative:         Cycles:                  20000     Instructions:                  1200
POWER_L3CACHE_LINEFILL_BUF_R                                   66                            66

POWER_L3CACHE_LINEFILL_BUF_W                                   66                            66

POWER_L3CACHE_LINEFILL_BUF_R_TAG                               66                            66

POWER_L3CACHE_WB_BUF_R                                          0                             0

POWER_L3CACHE_WB_BUF_W                                          0                             0

POWER_L3CACHE_WB_BUF_R_TAG                                      0                             0

POWER_L3CACHE_R                                                 0                             0

POWER_L3CACHE_W                                                66                            66

POWER_L3CACHE_R_TAG                                            66                            66

POWER_MC_R                                                    132                           132

POWER_MC_W                                                     66                            66

POWER_BLOCK_STATES_R_CORE_0                                  2402                          2402

POWER_BLOCK_STATES_W_CORE_0                                  2402                          2402

POWER_FETCH_QUEUE_R_CORE_0                                    559                           559

POWER_FETCH_QUEUE_W_CORE_0                                    559                           559

POWER_INST_QUEUE_R_CORE_0                                    4009                          4009

POWER_INST_QUEUE_W_CORE_0                                     559                           559

POWER_BR_PRED_R_CORE_0                                          7                             7

POWER_BR_PRED_W_CORE_0                                          7                             7

POWER_RAS_R_CORE_0                                              1                             1

POWER_RAS_W_CORE_0                                              0                             0

POWER_ICACHE_R_CORE_0                                         559                           559

POWER_ICACHE_W_CORE_0                                           7                             7

POWER_ICACHE_R_TAG_CORE_0                                     566                           566

POWER_ICACHE_MISS_BUF_R_CORE_0                                 14                            14

POWER_ICACHE_MISS_BUF_W_CORE_0                                 14                            14

POWER_ICACHE_MISS_BUF_R_TAG_CORE_0                              7                             7

POWER_ICACHE_MISS_BUF_W_TAG_CORE_0                              0                             0

POWER_ICACHE_TOT_ACC_CORE_0                                     0                             0

POWER_ICACHE_CONF_CORE_0                                        0                             0

POWER_INST_DECODER_R_CORE_0                                   559                           559

POWER_INST_DECODER_W_CORE_0                                     0                             0

POWER_MICRO_OP_SEQ_R_CORE_0                                     0                             0

POWER_MICRO_OP_SEQ_W_CORE_0                                     0                             0

POWER_OPERAND_DECODER_R_CORE_0                                559                           559

POWER_OPERAND_DECODER_W_CORE_0                                  0                             0

POWER_UOP_QUEUE_R_CORE_0                                     4009                          4009

POWER_UOP_QUEUE_W_CORE_0                                      559                           559

POWER_REG_RENAMING_TABLE_R_CORE_0                               0                             0

POWER_REG_RENAMING_TABLE_W_CORE_0                               0                             0

POWER_DEP_CHECK_LOGIC_R_CORE_0                                559                           559

POWER_FREELIST_R_CORE_0                                         0                             0

POWER_FREELIST_W_CORE_0                                         0                             0

POWER_RESERVATION_STATION_R_CORE_0                            559                           559

POWER_RESERVATION_STATION_W_CORE_0                            559                           559

POWER_RESERVATION_STATION_R_TAG_CORE_0                        559                           559

POWER_RESERVATION_STATION_W_TAG_CORE_0                          0                             0

POWER_INST_ISSUE_SEL_LOGIC_R_CORE_0                           559                           559

POWER_INST_ISSUE_SEL_LOGIC_W_CORE_0                           559                           559

POWER_PAYLOAD_RAM_R_CORE_0                                    559                           559

POWER_PAYLOAD_RAM_W_CORE_0                                    559                           559

POWER_EX_ALU_R_CORE_0                                         478                           478

POWER_EX_FPU_R_CORE_0                                           0                             0

POWER_EX_MUL_R_CORE_0                                           0                             0

POWER_EX_SFU_R_CORE_0                                           0                             0

POWER_REORDER_BUF_R_CORE_0                                      0                             0

POWER_REORDER_BUF_W_CORE_0                                      0                             0

POWER_INST_COMMIT_SEL_LOGIC_R_CORE_0                            0                             0

POWER_INST_COMMIT_SEL_LOGIC_W_CORE_0                          559                           559

POWER_FP_RENAME_R_CORE_0                                        0                             0

POWER_FP_RENAME_W_CORE_0                                        0                             0

POWER_LOAD_QUEUE_R_CORE_0                                       0                             0

POWER_LOAD_QUEUE_W_CORE_0                                       0                             0

POWER_LOAD_QUEUE_R_TAG_CORE_0                                   0                             0

POWER_LOAD_QUEUE_W_TAG_CORE_0                                   0                             0

POWER_STORE_QUEUE_R_CORE_0                                      0                             0

POWER_STORE_QUEUE_W_CORE_0                                      0                             0

POWER_STORE_QUEUE_R_TAG_CORE_0                                  0                             0

POWER_STORE_QUEUE_W_TAG_CORE_0                                  0                             0

POWER_DATA_TLB_R_CORE_0                                         0                             0

POWER_DATA_TLB_W_CORE_0                                         0                             0

POWER_DATA_TLB_R_TAG_CORE_0                                     0                             0

POWER_DATA_TLB_W_TAG_CORE_0                                     0                             0

POWER_INT_REGFILE_R_CORE_0                                   1037                          1037

POWER_INT_REGFILE_W_CORE_0                                    559                           559

POWER_FP_REGFILE_R_CORE_0                                       0                             0

POWER_FP_REGFILE_W_CORE_0                                       0                             0

POWER_GP_REGISTER_R_CORE_0                                   1037                          1037

POWER_GP_REGISTER_W_CORE_0                                    559                           559

POWER_FP_REGISTER_R_CORE_0                                      0                             0

POWER_FP_REGISTER_W_CORE_0                                      0                             0

POWER_SEGMENT_REGISTER_R_CORE_0                                81                            81

POWER_SEGMENT_REGISTER_W_CORE_0                                81                            81

POWER_CONTROL_REGISTER_R_CORE_0                                 0                             0

POWER_CONTROL_REGISTER_W_CORE_0                                 0                             0

POWER_FLAG_REGISTER_R_CORE_0                                    0                             0

POWER_FLAG_REGISTER_W_CORE_0                                    0                             0

POWER_EXEC_BYPASS_CORE_0                                      559                           559

POWER_LOAD_BYPASS_CORE_0                                      132                           132

POWER_PIPELINE_CORE_0                                         559                           559

POWER_DCACHE_MISS_BUF_R_CORE_0                                118                           118

POWER_DCACHE_MISS_BUF_R_TAG_CORE_0                             59                            59

POWER_DCACHE_MISS_BUF_W_CORE_0                                 59                            59

POWER_DCACHE_MISS_BUF_W_TAG_CORE_0                              0                             0

POWER_DCACHE_LINEFILL_BUF_R_CORE_0                              0                             0

POWER_L2CACHE_LINEFILL_BUF_R_CORE_0                            66                            66

POWER_DCACHE_LINEFILL_BUF_W_CORE_0                              0                             0

POWER_L2CACHE_LINEFILL_BUF_W_CORE_0                            66                            66

POWER_DCACHE_LINEFILL_BUF_R_TAG_CORE_0                          0                             0

POWER_L2CACHE_LINEFILL_BUF_R_TAG_CORE_0                        66                            66

POWER_DCACHE_LINEFILL_BUF_W_TAG_CORE_0                          0                             0

POWER_DCACHE_WB_BUF_R_CORE_0                                    0                             0

POWER_L2CACHE_WB_BUF_R_CORE_0                                   0                             0

POWER_DCACHE_WB_BUF_W_CORE_0                                    0                             0

POWER_L2CACHE_WB_BUF_W_CORE_0                                   0                             0

POWER_DCACHE_WB_BUF_R_TAG_CORE_0                                0                             0

POWER_L2CACHE_WB_BUF_R_TAG_CORE_0                               0                             0

POWER_DCACHE_WB_BUF_W_TAG_CORE_0                                0                             0

POWER_DCACHE_R_CORE_0                                          78                            78

POWER_L2CACHE_R_CORE_0                                          0                             0

POWER_DCACHE_W_CORE_0                                          49                            49

POWER_L2CACHE_W_CORE_0                                          0                             0

POWER_DCACHE_R_TAG_CORE_0                                     137                           137

POWER_L2CACHE_R_TAG_CORE_0                                      0                             0

POWER_CONST_CACHE_R_CORE_0                                      0                             0

POWER_CONST_CACHE_W_CORE_0                                      0                             0

POWER_CONST_CACHE_R_TAG_CORE_0                                  0                             0

POWER_CONST_CACHE_W_TAG_CORE_0                                  0                             0

POWER_TEXTURE_CACHE_R_CORE_0                                    0                             0

POWER_TEXTURE_CACHE_W_CORE_0                                    0                             0

POWER_TEXTURE_CACHE_R_TAG_CORE_0                                0                             0

POWER_TEXTURE_CACHE_W_TAG_CORE_0                                0                             0

POWER_SHARED_MEM_R_CORE_0                                      20                            20

POWER_SHARED_MEM_W_CORE_0                                       0                             0

POWER_SHARED_MEM_R_TAG_CORE_0                                  20                            20

POWER_SHARED_MEM_W_TAG_CORE_0                                   0                             0

