####################################################################################################
Interval
####################################################################################################
Cumulative:         Cycles:                  20000     Instructions:                  1200
DRAM_PRECHARGE                                                 20                            20

DRAM_ACTIVATE                                                  32                            32

DRAM_COLUMN                                                   446                           446

DRAM_AVG_LATENCY_BASE                                         446                           446

DRAM_AVG_LATENCY                                            77410                       173.565

BANDWIDTH_TOT                                               28544                         28544

DRAM_CHANNEL0_BANDWIDTH_SATURATED                               0                             0

DRAM_CHANNEL1_BANDWIDTH_SATURATED                              32                            32

DRAM_CHANNEL2_BANDWIDTH_SATURATED                              43                            43

DRAM_CHANNEL3_BANDWIDTH_SATURATED                               0                             0

DRAM_CHANNEL4_BANDWIDTH_SATURATED                              64                            64

DRAM_CHANNEL5_BANDWIDTH_SATURATED                              68                            68

DRAM_CHANNEL6_BANDWIDTH_SATURATED                               0                             0

DRAM_CHANNEL7_BANDWIDTH_SATURATED                              77                            77

DRAM_CHANNEL0_DBUS_IDLE                                     13933                         13933

DRAM_CHANNEL1_DBUS_IDLE                                     13341                         13341

DRAM_CHANNEL2_DBUS_IDLE                                     13389                         13389

DRAM_CHANNEL3_DBUS_IDLE                                     14957                         14957

DRAM_CHANNEL4_DBUS_IDLE                                     13965                         13965

DRAM_CHANNEL5_DBUS_IDLE                                     13997                         13997

DRAM_CHANNEL6_DBUS_IDLE                                     14957                         14957

DRAM_CHANNEL7_DBUS_IDLE                                     13981                         13981

