####################################################################################################
Interval
####################################################################################################
Cumulative:         Cycles:                  20000     Instructions:                  1200
TOTAL_PACKET_CPU                                                0                             0

TOTAL_PACKET_GPU                                               20                            20

NOC_AVG_LATENCY_BASE                                           20                            20

NOC_AVG_LATENCY_BASE_CPU                                        0                             0

NOC_AVG_LATENCY_BASE_GPU                                       20                            20

NOC_AVG_LATENCY                                               252                          12.6

NOC_AVG_LATENCY_CPU                                             0                           NaN

NOC_AVG_LATENCY_GPU                                           252                          12.6

NOC_AVG_ACTIVE_PACKET_BASE                                     20                            20

NOC_AVG_ACTIVE_PACKET_BASE_CPU                                  0                             0

NOC_AVG_ACTIVE_PACKET_BASE_GPU                                 20                            20

NOC_AVG_ACTIVE_PACKET                                          20                             1

NOC_AVG_ACTIVE_PACKET_CPU                                       0                           NaN

NOC_AVG_ACTIVE_PACKET_GPU                                      20                             1

NOC_IDLE_CHANNEL                                                0                             0

NOC_IDLE_CHANNEL_CPU                                            0                             0

NOC_IDLE_CHANNEL_GPU                                            0                             0

NOC_IDLE_CHANNEL_L3                                             0                             0

NOC_IDLE_CHANNEL_MC                                             0                             0

NOC_AVG_WAIT_IN_ROUTER_BASE                                    58                            58

NOC_AVG_WAIT_IN_ROUTER_BASE_CPU                                 0                             0

NOC_AVG_WAIT_IN_ROUTER_BASE_GPU                                18                            18

NOC_AVG_WAIT_IN_ROUTER_BASE_L3                                 30                            30

NOC_AVG_WAIT_IN_ROUTER_BASE_MC                                 10                            10

NOC_AVG_WAIT_IN_ROUTER                                        530                       9.13793

NOC_AVG_WAIT_IN_ROUTER_CPU                                      0                           NaN

NOC_AVG_WAIT_IN_ROUTER_GPU                                    154                       8.55556

NOC_AVG_WAIT_IN_ROUTER_L3                                     278                       9.26667

NOC_AVG_WAIT_IN_ROUTER_MC                                      98                           9.8

NOC_LINK_ACTIVE                                               114                           114

