####################################################################################################
Interval
####################################################################################################
Cumulative:         Cycles:                  20000     Instructions:                  1200
DISPATCHED_INST                                              2451                          2451

DISPATCH_WAIT                                              341909                       139.498

NUM_NO_FETCH_CYCLES                                             2                             2

AVG_CORE_IDLE_CYCLE                                          5344                          5344

NUM_SAMPLES_CORE_0                                           7795                          7795

NUM_ACTIVE_BLOCKS_CORE_0                                     7794                      0.999872

NUM_ACTIVE_THREADS_CORE_0                                   60772                       7.79628

NUM_SCHED_IDLE_CYCLE_CORE_0                                     0                             0

NUM_NO_SCHED_CYCLE_CORE_0                                    5344                          5344

CORE_DISPATCHED_INST_CORE_0                                  2451                          2451

CORE_DISPATCH_WAIT_CORE_0                                  341909                       139.498

CORE_CYCLES_CORE_0                                              0                             0

CORE_SCHED_THREADS_CORE_0                                       0                           NaN

CORE_NUM_NO_FETCH_CYCLES_CORE_0                                 2                             2

CORE_NUM_NO_FETCH_CYCLES_WITH_READY_THREADS_CORE_0                   0                             0

CORE_NUM_FETCH_CYCLES_CORE_0                                    0                             0

CORE_FETCH_DELTA_CORE_0                                         0                           NaN

CORE_NUM_RETIRE_CYCLES_CORE_0                                   0                             0

CORE_RETIRE_DELTA_CORE_0                                        0                           NaN

FENCE_PREF_REQ_CORE_0                                           0                             0

FENCE_WAITING_CORE_0                                            0                             0

DYN_FENCE_NUM_CORE_0                                            0                             0

WB_ORDERING_STALL_CORE_0                                        0                             0

WB_FULL_CORE_0                                                  0                             0

SCHED_FAILED_REASON_SUCCESS_CORE_0                           2451                       36.0547%
SCHED_FAILED_OPERANDS_NOT_READY_CORE_0                       4347                       63.9453%
SCHED_FAILED_NO_PORTS_CORE_0                                    0                             0%
SCHED_FAILED_FENCE_ACTIVE_CORE_0                                0                             0%
                                                             6798                           100%

