####################################################################################################
Interval
####################################################################################################
Cumulative:         Cycles:                  20000     Instructions:                  1200
TOTAL_PACKET_CPU                                                0                             0

TOTAL_PACKET_GPU                                              156                           156

NOC_AVG_LATENCY_BASE                                          156                           156

NOC_AVG_LATENCY_BASE_CPU                                        0                             0

NOC_AVG_LATENCY_BASE_GPU                                      156                           156

NOC_AVG_LATENCY                                              1923                       12.3269

NOC_AVG_LATENCY_CPU                                             0                           NaN

NOC_AVG_LATENCY_GPU                                          1923                       12.3269

NOC_AVG_ACTIVE_PACKET_BASE                                    156                           156

NOC_AVG_ACTIVE_PACKET_BASE_CPU                                  0                             0

NOC_AVG_ACTIVE_PACKET_BASE_GPU                                156                           156

NOC_AVG_ACTIVE_PACKET                                         981                       6.28846

NOC_AVG_ACTIVE_PACKET_CPU                                       0                           NaN

NOC_AVG_ACTIVE_PACKET_GPU                                     981                       6.28846

NOC_IDLE_CHANNEL                                                0                             0

NOC_IDLE_CHANNEL_CPU                                            0                             0

NOC_IDLE_CHANNEL_GPU                                            0                             0

NOC_IDLE_CHANNEL_L3                                             0                             0

NOC_IDLE_CHANNEL_MC                                             0                             0

NOC_AVG_WAIT_IN_ROUTER_BASE                                   390                           390

NOC_AVG_WAIT_IN_ROUTER_BASE_CPU                                 0                             0

NOC_AVG_WAIT_IN_ROUTER_BASE_GPU                               124                           124

NOC_AVG_WAIT_IN_ROUTER_BASE_L3                                156                           156

NOC_AVG_WAIT_IN_ROUTER_BASE_MC                                110                           110

NOC_AVG_WAIT_IN_ROUTER                                       3640                       9.33333

NOC_AVG_WAIT_IN_ROUTER_CPU                                      0                           NaN

NOC_AVG_WAIT_IN_ROUTER_GPU                                   1184                       9.54839

NOC_AVG_WAIT_IN_ROUTER_L3                                    1331                       8.53205

NOC_AVG_WAIT_IN_ROUTER_MC                                    1125                       10.2273

NOC_LINK_ACTIVE                                               702                           702

