####################################################################################################
Interval
####################################################################################################
Cumulative:         Cycles:                  20000     Instructions:                  1200
TOTAL_PACKET_CPU                                                0                             0

TOTAL_PACKET_GPU                                             1544                          1544

NOC_AVG_LATENCY_BASE                                         1544                          1544

NOC_AVG_LATENCY_BASE_CPU                                        0                             0

NOC_AVG_LATENCY_BASE_GPU                                     1544                          1544

NOC_AVG_LATENCY                                             41264                       26.7254

NOC_AVG_LATENCY_CPU                                             0                           NaN

NOC_AVG_LATENCY_GPU                                         41264                       26.7254

NOC_AVG_ACTIVE_PACKET_BASE                                   1544                          1544

NOC_AVG_ACTIVE_PACKET_BASE_CPU                                  0                             0

NOC_AVG_ACTIVE_PACKET_BASE_GPU                               1544                          1544

NOC_AVG_ACTIVE_PACKET                                       39508                       25.5881

NOC_AVG_ACTIVE_PACKET_CPU                                       0                           NaN

NOC_AVG_ACTIVE_PACKET_GPU                                   39508                       25.5881

NOC_IDLE_CHANNEL                                                0                             0

NOC_IDLE_CHANNEL_CPU                                            0                             0

NOC_IDLE_CHANNEL_GPU                                            0                             0

NOC_IDLE_CHANNEL_L3                                             0                             0

NOC_IDLE_CHANNEL_MC                                             0                             0

NOC_AVG_WAIT_IN_ROUTER_BASE                                  5364                          5364

NOC_AVG_WAIT_IN_ROUTER_BASE_CPU                                 0                             0

NOC_AVG_WAIT_IN_ROUTER_BASE_GPU                               904                           904

NOC_AVG_WAIT_IN_ROUTER_BASE_L3                               3424                          3424

NOC_AVG_WAIT_IN_ROUTER_BASE_MC                               1036                          1036

NOC_AVG_WAIT_IN_ROUTER                                     114307                         21.31

NOC_AVG_WAIT_IN_ROUTER_CPU                                      0                           NaN

NOC_AVG_WAIT_IN_ROUTER_GPU                                  24880                       27.5221

NOC_AVG_WAIT_IN_ROUTER_L3                                   68629                       20.0435

NOC_AVG_WAIT_IN_ROUTER_MC                                   20798                       20.0753

NOC_LINK_ACTIVE                                             11460                         11460

