####################################################################################################
Interval
####################################################################################################
Cumulative:         Cycles:                  20000     Instructions:                  1200
DISPATCHED_INST                                              1164                          1164

DISPATCH_WAIT                                               93881                       80.6538

NUM_NO_FETCH_CYCLES                                          1027                          1027

AVG_CORE_IDLE_CYCLE                                          2257                          2257

NUM_SAMPLES_CORE_0                                           3421                          3421

NUM_ACTIVE_BLOCKS_CORE_0                                     3420                      0.999708

NUM_ACTIVE_THREADS_CORE_0                                   26023                       7.60684

NUM_SCHED_IDLE_CYCLE_CORE_0                                     0                             0

NUM_NO_SCHED_CYCLE_CORE_0                                    2257                          2257

CORE_DISPATCHED_INST_CORE_0                                  1164                          1164

CORE_DISPATCH_WAIT_CORE_0                                   93881                       80.6538

CORE_CYCLES_CORE_0                                              0                             0

CORE_SCHED_THREADS_CORE_0                                       0                           NaN

CORE_NUM_NO_FETCH_CYCLES_CORE_0                              1027                          1027

CORE_NUM_NO_FETCH_CYCLES_WITH_READY_THREADS_CORE_0                   0                             0

CORE_NUM_FETCH_CYCLES_CORE_0                                    0                             0

CORE_FETCH_DELTA_CORE_0                                         0                           NaN

CORE_NUM_RETIRE_CYCLES_CORE_0                                   0                             0

CORE_RETIRE_DELTA_CORE_0                                        0                           NaN

FENCE_PREF_REQ_CORE_0                                           0                             0

FENCE_WAITING_CORE_0                                            0                             0

DYN_FENCE_NUM_CORE_0                                            0                             0

WB_ORDERING_STALL_CORE_0                                        0                             0

WB_FULL_CORE_0                                                  0                             0

SCHED_FAILED_REASON_SUCCESS_CORE_0                           1164                        31.485%
SCHED_FAILED_OPERANDS_NOT_READY_CORE_0                       2533                        68.515%
SCHED_FAILED_NO_PORTS_CORE_0                                    0                             0%
SCHED_FAILED_FENCE_ACTIVE_CORE_0                                0                             0%
                                                             3697                           100%

