####################################################################################################
Interval
####################################################################################################
Cumulative:         Cycles:                  20000     Instructions:                  1200
TOTAL_PACKET_CPU                                                0                             0

TOTAL_PACKET_GPU                                               40                            40

NOC_AVG_LATENCY_BASE                                           40                            40

NOC_AVG_LATENCY_BASE_CPU                                        0                             0

NOC_AVG_LATENCY_BASE_GPU                                       40                            40

NOC_AVG_LATENCY                                               522                         13.05

NOC_AVG_LATENCY_CPU                                             0                           NaN

NOC_AVG_LATENCY_GPU                                           522                         13.05

NOC_AVG_ACTIVE_PACKET_BASE                                     40                            40

NOC_AVG_ACTIVE_PACKET_BASE_CPU                                  0                             0

NOC_AVG_ACTIVE_PACKET_BASE_GPU                                 40                            40

NOC_AVG_ACTIVE_PACKET                                          55                         1.375

NOC_AVG_ACTIVE_PACKET_CPU                                       0                           NaN

NOC_AVG_ACTIVE_PACKET_GPU                                      55                         1.375

NOC_IDLE_CHANNEL                                                0                             0

NOC_IDLE_CHANNEL_CPU                                            0                             0

NOC_IDLE_CHANNEL_GPU                                            0                             0

NOC_IDLE_CHANNEL_L3                                             0                             0

NOC_IDLE_CHANNEL_MC                                             0                             0

NOC_AVG_WAIT_IN_ROUTER_BASE                                   120                           120

NOC_AVG_WAIT_IN_ROUTER_BASE_CPU                                 0                             0

NOC_AVG_WAIT_IN_ROUTER_BASE_GPU                                30                            30

NOC_AVG_WAIT_IN_ROUTER_BASE_L3                                 65                            65

NOC_AVG_WAIT_IN_ROUTER_BASE_MC                                 25                            25

NOC_AVG_WAIT_IN_ROUTER                                       1128                           9.4

NOC_AVG_WAIT_IN_ROUTER_CPU                                      0                           NaN

NOC_AVG_WAIT_IN_ROUTER_GPU                                    272                       9.06667

NOC_AVG_WAIT_IN_ROUTER_L3                                     601                       9.24615

NOC_AVG_WAIT_IN_ROUTER_MC                                     255                          10.2

NOC_LINK_ACTIVE                                               240                           240

