####################################################################################################
Interval
####################################################################################################
Cumulative:         Cycles:                  20000     Instructions:                  1200
DRAM_PRECHARGE                                                  1                             1

DRAM_ACTIVATE                                                   5                             5

DRAM_COLUMN                                                    57                            57

DRAM_AVG_LATENCY_BASE                                          57                            57

DRAM_AVG_LATENCY                                             6920                       121.404

BANDWIDTH_TOT                                                3648                          3648

DRAM_CHANNEL0_BANDWIDTH_SATURATED                              66                            66

DRAM_CHANNEL1_BANDWIDTH_SATURATED                               0                             0

DRAM_CHANNEL2_BANDWIDTH_SATURATED                               0                             0

DRAM_CHANNEL3_BANDWIDTH_SATURATED                               0                             0

DRAM_CHANNEL4_BANDWIDTH_SATURATED                               0                             0

DRAM_CHANNEL5_BANDWIDTH_SATURATED                               0                             0

DRAM_CHANNEL6_BANDWIDTH_SATURATED                               0                             0

DRAM_CHANNEL7_BANDWIDTH_SATURATED                               0                             0

DRAM_CHANNEL0_DBUS_IDLE                                      1013                          1013

DRAM_CHANNEL1_DBUS_IDLE                                      1701                          1701

DRAM_CHANNEL2_DBUS_IDLE                                      1717                          1717

DRAM_CHANNEL3_DBUS_IDLE                                      1717                          1717

DRAM_CHANNEL4_DBUS_IDLE                                      1717                          1717

DRAM_CHANNEL5_DBUS_IDLE                                      1717                          1717

DRAM_CHANNEL6_DBUS_IDLE                                      1717                          1717

DRAM_CHANNEL7_DBUS_IDLE                                      1525                          1525

