####################################################################################################
Interval
####################################################################################################
Cumulative:         Cycles:                  20000     Instructions:                  1200
DISPATCHED_INST                                              4465                          4465

DISPATCH_WAIT                                              642575                       143.914

NUM_NO_FETCH_CYCLES                                             2                             2

AVG_CORE_IDLE_CYCLE                                         10038                         10038

NUM_SAMPLES_CORE_0                                          14503                         14503

NUM_ACTIVE_BLOCKS_CORE_0                                    14502                      0.999931

NUM_ACTIVE_THREADS_CORE_0                                  113520                       7.82735

NUM_SCHED_IDLE_CYCLE_CORE_0                                     0                             0

NUM_NO_SCHED_CYCLE_CORE_0                                   10038                         10038

CORE_DISPATCHED_INST_CORE_0                                  4465                          4465

CORE_DISPATCH_WAIT_CORE_0                                  642575                       143.914

CORE_CYCLES_CORE_0                                              0                             0

CORE_SCHED_THREADS_CORE_0                                       0                           NaN

CORE_NUM_NO_FETCH_CYCLES_CORE_0                                 2                             2

CORE_NUM_NO_FETCH_CYCLES_WITH_READY_THREADS_CORE_0                   0                             0

CORE_NUM_FETCH_CYCLES_CORE_0                                    0                             0

CORE_FETCH_DELTA_CORE_0                                         0                           NaN

CORE_NUM_RETIRE_CYCLES_CORE_0                                   0                             0

CORE_RETIRE_DELTA_CORE_0                                        0                           NaN

FENCE_PREF_REQ_CORE_0                                           0                             0

FENCE_WAITING_CORE_0                                            0                             0

DYN_FENCE_NUM_CORE_0                                            0                             0

WB_ORDERING_STALL_CORE_0                                        0                             0

WB_FULL_CORE_0                                                  0                             0

SCHED_FAILED_REASON_SUCCESS_CORE_0                          11172                       33.8054%
SCHED_FAILED_OPERANDS_NOT_READY_CORE_0                      21876                       66.1946%
SCHED_FAILED_NO_PORTS_CORE_0                                    0                             0%
SCHED_FAILED_FENCE_ACTIVE_CORE_0                                0                             0%
                                                            33048                           100%

