####################################################################################################
Interval
####################################################################################################
Cumulative:         Cycles:                  20000     Instructions:                  1200
DISPATCHED_INST                                              8717                          8717

DISPATCH_WAIT                                             1102893                       126.522

NUM_NO_FETCH_CYCLES                                            31                            31

AVG_CORE_IDLE_CYCLE                                         14926                         14926

NUM_SAMPLES_CORE_0                                          23643                         23643

NUM_ACTIVE_BLOCKS_CORE_0                                    23642                      0.999958

NUM_ACTIVE_THREADS_CORE_0                                  367642                       15.5497

NUM_SCHED_IDLE_CYCLE_CORE_0                                     0                             0

NUM_NO_SCHED_CYCLE_CORE_0                                   14926                         14926

CORE_DISPATCHED_INST_CORE_0                                  8717                          8717

CORE_DISPATCH_WAIT_CORE_0                                 1102893                       126.522

CORE_CYCLES_CORE_0                                              0                             0

CORE_SCHED_THREADS_CORE_0                                       0                           NaN

CORE_NUM_NO_FETCH_CYCLES_CORE_0                                31                            31

CORE_NUM_NO_FETCH_CYCLES_WITH_READY_THREADS_CORE_0                   0                             0

CORE_NUM_FETCH_CYCLES_CORE_0                                    0                             0

CORE_FETCH_DELTA_CORE_0                                         0                           NaN

CORE_NUM_RETIRE_CYCLES_CORE_0                                   0                             0

CORE_RETIRE_DELTA_CORE_0                                        0                           NaN

FENCE_PREF_REQ_CORE_0                                           0                             0

FENCE_WAITING_CORE_0                                            0                             0

DYN_FENCE_NUM_CORE_0                                            0                             0

WB_ORDERING_STALL_CORE_0                                        0                             0

WB_FULL_CORE_0                                                  0                             0

SCHED_FAILED_REASON_SUCCESS_CORE_0                          35441                       51.5415%
SCHED_FAILED_OPERANDS_NOT_READY_CORE_0                      33321                       48.4585%
SCHED_FAILED_NO_PORTS_CORE_0                                    0                             0%
SCHED_FAILED_FENCE_ACTIVE_CORE_0                                0                             0%
                                                            68762                           100%

