####################################################################################################
Interval
####################################################################################################
Cumulative:         Cycles:                  20000     Instructions:                  1200
DRAM_PRECHARGE                                                  0                             0

DRAM_ACTIVATE                                                   1                             1

DRAM_COLUMN                                                     1                             1

DRAM_AVG_LATENCY_BASE                                           1                             1

DRAM_AVG_LATENCY                                               55                            55

BANDWIDTH_TOT                                                  64                            64

DRAM_CHANNEL0_BANDWIDTH_SATURATED                               0                             0

DRAM_CHANNEL1_BANDWIDTH_SATURATED                               0                             0

DRAM_CHANNEL2_BANDWIDTH_SATURATED                               0                             0

DRAM_CHANNEL3_BANDWIDTH_SATURATED                               0                             0

DRAM_CHANNEL4_BANDWIDTH_SATURATED                               0                             0

DRAM_CHANNEL5_BANDWIDTH_SATURATED                               0                             0

DRAM_CHANNEL6_BANDWIDTH_SATURATED                               0                             0

DRAM_CHANNEL7_BANDWIDTH_SATURATED                               0                             0

DRAM_CHANNEL0_DBUS_IDLE                                       135                           135

DRAM_CHANNEL1_DBUS_IDLE                                       119                           119

DRAM_CHANNEL2_DBUS_IDLE                                       135                           135

DRAM_CHANNEL3_DBUS_IDLE                                       135                           135

DRAM_CHANNEL4_DBUS_IDLE                                       135                           135

DRAM_CHANNEL5_DBUS_IDLE                                       135                           135

DRAM_CHANNEL6_DBUS_IDLE                                       135                           135

DRAM_CHANNEL7_DBUS_IDLE                                       135                           135

